0 info it worked if it ends with ok
1 verbose cli [ 'node', '/usr/local/bin/npm', 'install' ]
2 info using npm@1.4.28
3 info using node@v0.10.35
4 warn package.json breakdown@0.0.1 No repository field.
5 verbose readDependencies using package.json deps
6 verbose install where, deps [ '/Users/leedavid/workspace/company/launch2015/Breakdown',
6 verbose install   [ 'express',
6 verbose install     'express-session',
6 verbose install     'body-parser',
6 verbose install     'cookie-parser',
6 verbose install     'compression',
6 verbose install     'method-override',
6 verbose install     'morgan',
6 verbose install     'connect-mongo',
6 verbose install     'connect-flash',
6 verbose install     'helmet',
6 verbose install     'consolidate',
6 verbose install     'swig',
6 verbose install     'mongoose',
6 verbose install     'passport',
6 verbose install     'passport-local',
6 verbose install     'passport-facebook',
6 verbose install     'passport-twitter',
6 verbose install     'passport-linkedin',
6 verbose install     'passport-google-oauth',
6 verbose install     'passport-github',
6 verbose install     'lodash',
6 verbose install     'forever',
6 verbose install     'bower',
6 verbose install     'grunt-cli',
6 verbose install     'glob',
6 verbose install     'async',
6 verbose install     'nodemailer',
6 verbose install     'chalk',
6 verbose install     'supertest',
6 verbose install     'should',
6 verbose install     'grunt-env',
6 verbose install     'grunt-node-inspector',
6 verbose install     'grunt-contrib-watch',
6 verbose install     'grunt-contrib-jshint',
6 verbose install     'grunt-contrib-csslint',
6 verbose install     'grunt-ng-annotate',
6 verbose install     'grunt-contrib-uglify',
6 verbose install     'grunt-contrib-cssmin',
6 verbose install     'grunt-nodemon',
6 verbose install     'grunt-concurrent',
6 verbose install     'grunt-mocha-test',
6 verbose install     'grunt-karma',
6 verbose install     'load-grunt-tasks',
6 verbose install     'karma',
6 verbose install     'karma-jasmine',
6 verbose install     'karma-coverage',
6 verbose install     'karma-chrome-launcher',
6 verbose install     'karma-firefox-launcher',
6 verbose install     'karma-phantomjs-launcher' ] ]
7 info preinstall breakdown@0.0.1
8 warn package.json karma-coverage@0.2.7 No README data
9 verbose readDependencies using package.json deps
10 verbose already installed skipping body-parser@~1.9.0 /Users/leedavid/workspace/company/launch2015/Breakdown
11 verbose already installed skipping cookie-parser@~1.3.2 /Users/leedavid/workspace/company/launch2015/Breakdown
12 verbose already installed skipping compression@~1.2.0 /Users/leedavid/workspace/company/launch2015/Breakdown
13 verbose already installed skipping method-override@~2.3.0 /Users/leedavid/workspace/company/launch2015/Breakdown
14 verbose already installed skipping morgan@~1.4.1 /Users/leedavid/workspace/company/launch2015/Breakdown
15 verbose already installed skipping connect-mongo@~0.4.1 /Users/leedavid/workspace/company/launch2015/Breakdown
16 verbose already installed skipping connect-flash@~0.1.1 /Users/leedavid/workspace/company/launch2015/Breakdown
17 verbose already installed skipping helmet@~0.5.0 /Users/leedavid/workspace/company/launch2015/Breakdown
18 verbose already installed skipping consolidate@~0.10.0 /Users/leedavid/workspace/company/launch2015/Breakdown
19 verbose already installed skipping swig@~1.4.1 /Users/leedavid/workspace/company/launch2015/Breakdown
20 verbose already installed skipping mongoose@~3.8.8 /Users/leedavid/workspace/company/launch2015/Breakdown
21 verbose already installed skipping passport@~0.2.0 /Users/leedavid/workspace/company/launch2015/Breakdown
22 verbose already installed skipping passport-local@~1.0.0 /Users/leedavid/workspace/company/launch2015/Breakdown
23 verbose already installed skipping passport-facebook@~1.0.2 /Users/leedavid/workspace/company/launch2015/Breakdown
24 verbose already installed skipping passport-twitter@~1.0.2 /Users/leedavid/workspace/company/launch2015/Breakdown
25 verbose already installed skipping passport-linkedin@~0.1.3 /Users/leedavid/workspace/company/launch2015/Breakdown
26 verbose already installed skipping passport-google-oauth@~0.1.5 /Users/leedavid/workspace/company/launch2015/Breakdown
27 verbose already installed skipping passport-github@~0.1.5 /Users/leedavid/workspace/company/launch2015/Breakdown
28 verbose already installed skipping lodash@~2.4.1 /Users/leedavid/workspace/company/launch2015/Breakdown
29 verbose already installed skipping forever@~0.11.0 /Users/leedavid/workspace/company/launch2015/Breakdown
30 verbose already installed skipping bower@~1.3.8 /Users/leedavid/workspace/company/launch2015/Breakdown
31 verbose already installed skipping grunt-cli@~0.1.13 /Users/leedavid/workspace/company/launch2015/Breakdown
32 verbose already installed skipping glob@~4.0.5 /Users/leedavid/workspace/company/launch2015/Breakdown
33 verbose already installed skipping async@~0.9.0 /Users/leedavid/workspace/company/launch2015/Breakdown
34 verbose already installed skipping nodemailer@~1.3.0 /Users/leedavid/workspace/company/launch2015/Breakdown
35 verbose already installed skipping chalk@~0.5 /Users/leedavid/workspace/company/launch2015/Breakdown
36 verbose already installed skipping supertest@~0.14.0 /Users/leedavid/workspace/company/launch2015/Breakdown
37 verbose already installed skipping should@~4.1.0 /Users/leedavid/workspace/company/launch2015/Breakdown
38 verbose already installed skipping grunt-env@~0.4.1 /Users/leedavid/workspace/company/launch2015/Breakdown
39 verbose already installed skipping grunt-node-inspector@~0.1.3 /Users/leedavid/workspace/company/launch2015/Breakdown
40 verbose already installed skipping grunt-contrib-watch@~0.6.1 /Users/leedavid/workspace/company/launch2015/Breakdown
41 verbose already installed skipping grunt-contrib-jshint@~0.10.0 /Users/leedavid/workspace/company/launch2015/Breakdown
42 verbose already installed skipping grunt-contrib-csslint@^0.3.1 /Users/leedavid/workspace/company/launch2015/Breakdown
43 verbose already installed skipping grunt-ng-annotate@~0.4.0 /Users/leedavid/workspace/company/launch2015/Breakdown
44 verbose already installed skipping grunt-contrib-uglify@~0.6.0 /Users/leedavid/workspace/company/launch2015/Breakdown
45 verbose already installed skipping grunt-contrib-cssmin@~0.10.0 /Users/leedavid/workspace/company/launch2015/Breakdown
46 verbose already installed skipping grunt-nodemon@~0.3.0 /Users/leedavid/workspace/company/launch2015/Breakdown
47 verbose already installed skipping grunt-concurrent@~1.0.0 /Users/leedavid/workspace/company/launch2015/Breakdown
48 verbose already installed skipping grunt-mocha-test@~0.12.1 /Users/leedavid/workspace/company/launch2015/Breakdown
49 verbose already installed skipping grunt-karma@~0.9.0 /Users/leedavid/workspace/company/launch2015/Breakdown
50 verbose already installed skipping load-grunt-tasks@~1.0.0 /Users/leedavid/workspace/company/launch2015/Breakdown
51 verbose already installed skipping karma@~0.12.0 /Users/leedavid/workspace/company/launch2015/Breakdown
52 verbose already installed skipping karma-jasmine@~0.2.1 /Users/leedavid/workspace/company/launch2015/Breakdown
53 verbose already installed skipping karma-coverage@~0.2.0 /Users/leedavid/workspace/company/launch2015/Breakdown
54 verbose already installed skipping karma-chrome-launcher@~0.1.2 /Users/leedavid/workspace/company/launch2015/Breakdown
55 verbose already installed skipping karma-firefox-launcher@~0.1.3 /Users/leedavid/workspace/company/launch2015/Breakdown
56 verbose already installed skipping karma-phantomjs-launcher@~0.1.2 /Users/leedavid/workspace/company/launch2015/Breakdown
57 verbose already installed skipping express@~4.10.1 /Users/leedavid/workspace/company/launch2015/Breakdown
58 verbose already installed skipping express-session@~1.9.1 /Users/leedavid/workspace/company/launch2015/Breakdown
59 silly resolved []
60 info build /Users/leedavid/workspace/company/launch2015/Breakdown
61 verbose linkStuff [ false,
61 verbose linkStuff   false,
61 verbose linkStuff   false,
61 verbose linkStuff   '/Users/leedavid/workspace/company/launch2015' ]
62 info linkStuff breakdown@0.0.1
63 verbose linkBins breakdown@0.0.1
64 verbose linkMans breakdown@0.0.1
65 verbose rebuildBundles breakdown@0.0.1
66 verbose rebuildBundles [ '.bin',
66 verbose rebuildBundles   'async',
66 verbose rebuildBundles   'body-parser',
66 verbose rebuildBundles   'bower',
66 verbose rebuildBundles   'chalk',
66 verbose rebuildBundles   'compression',
66 verbose rebuildBundles   'connect-flash',
66 verbose rebuildBundles   'connect-mongo',
66 verbose rebuildBundles   'consolidate',
66 verbose rebuildBundles   'cookie-parser',
66 verbose rebuildBundles   'express',
66 verbose rebuildBundles   'express-session',
66 verbose rebuildBundles   'forever',
66 verbose rebuildBundles   'glob',
66 verbose rebuildBundles   'grunt',
66 verbose rebuildBundles   'grunt-cli',
66 verbose rebuildBundles   'grunt-concurrent',
66 verbose rebuildBundles   'grunt-contrib-csslint',
66 verbose rebuildBundles   'grunt-contrib-cssmin',
66 verbose rebuildBundles   'grunt-contrib-jshint',
66 verbose rebuildBundles   'grunt-contrib-uglify',
66 verbose rebuildBundles   'grunt-contrib-watch',
66 verbose rebuildBundles   'grunt-env',
66 verbose rebuildBundles   'grunt-karma',
66 verbose rebuildBundles   'grunt-mocha-test',
66 verbose rebuildBundles   'grunt-ng-annotate',
66 verbose rebuildBundles   'grunt-node-inspector',
66 verbose rebuildBundles   'grunt-nodemon',
66 verbose rebuildBundles   'helmet',
66 verbose rebuildBundles   'karma',
66 verbose rebuildBundles   'karma-chrome-launcher',
66 verbose rebuildBundles   'karma-coverage',
66 verbose rebuildBundles   'karma-firefox-launcher',
66 verbose rebuildBundles   'karma-jasmine',
66 verbose rebuildBundles   'karma-phantomjs-launcher',
66 verbose rebuildBundles   'load-grunt-tasks',
66 verbose rebuildBundles   'lodash',
66 verbose rebuildBundles   'method-override',
66 verbose rebuildBundles   'mocha',
66 verbose rebuildBundles   'mongoose',
66 verbose rebuildBundles   'morgan',
66 verbose rebuildBundles   'nodemailer',
66 verbose rebuildBundles   'passport',
66 verbose rebuildBundles   'passport-facebook',
66 verbose rebuildBundles   'passport-github',
66 verbose rebuildBundles   'passport-google-oauth',
66 verbose rebuildBundles   'passport-linkedin',
66 verbose rebuildBundles   'passport-local',
66 verbose rebuildBundles   'passport-twitter',
66 verbose rebuildBundles   'should',
66 verbose rebuildBundles   'supertest',
66 verbose rebuildBundles   'swig' ]
67 verbose rebuild bundle /Users/leedavid/workspace/company/launch2015/Breakdown/node_modules/grunt
68 info build /Users/leedavid/workspace/company/launch2015/Breakdown/node_modules/grunt
69 info preinstall grunt@0.4.5
70 verbose linkStuff [ false,
70 verbose linkStuff   false,
70 verbose linkStuff   false,
70 verbose linkStuff   '/Users/leedavid/workspace/company/launch2015/Breakdown/node_modules' ]
71 info linkStuff grunt@0.4.5
72 verbose linkBins grunt@0.4.5
73 verbose linkMans grunt@0.4.5
74 verbose rebuildBundles grunt@0.4.5
75 verbose rebuildBundles [ '.bin',
75 verbose rebuildBundles   'async',
75 verbose rebuildBundles   'coffee-script',
75 verbose rebuildBundles   'colors',
75 verbose rebuildBundles   'dateformat',
75 verbose rebuildBundles   'eventemitter2',
75 verbose rebuildBundles   'exit',
75 verbose rebuildBundles   'findup-sync',
75 verbose rebuildBundles   'getobject',
75 verbose rebuildBundles   'glob',
75 verbose rebuildBundles   'grunt-legacy-log',
75 verbose rebuildBundles   'grunt-legacy-util',
75 verbose rebuildBundles   'hooker',
75 verbose rebuildBundles   'iconv-lite',
75 verbose rebuildBundles   'js-yaml',
75 verbose rebuildBundles   'lodash',
75 verbose rebuildBundles   'minimatch',
75 verbose rebuildBundles   'nopt',
75 verbose rebuildBundles   'rimraf',
75 verbose rebuildBundles   'underscore.string',
75 verbose rebuildBundles   'which' ]
76 info install grunt@0.4.5
77 info postinstall grunt@0.4.5
78 verbose rebuild bundle /Users/leedavid/workspace/company/launch2015/Breakdown/node_modules/mocha
79 info build /Users/leedavid/workspace/company/launch2015/Breakdown/node_modules/mocha
80 info preinstall mocha@2.1.0
81 verbose linkStuff [ false,
81 verbose linkStuff   false,
81 verbose linkStuff   false,
81 verbose linkStuff   '/Users/leedavid/workspace/company/launch2015/Breakdown/node_modules' ]
82 info linkStuff mocha@2.1.0
83 verbose linkBins mocha@2.1.0
84 verbose link bins [ { mocha: './bin/mocha', _mocha: './bin/_mocha' },
84 verbose link bins   '/Users/leedavid/workspace/company/launch2015/Breakdown/node_modules/.bin',
84 verbose link bins   false ]
85 verbose linkMans mocha@2.1.0
86 verbose rebuildBundles mocha@2.1.0
87 verbose rebuildBundles [ '.bin',
87 verbose rebuildBundles   'commander',
87 verbose rebuildBundles   'debug',
87 verbose rebuildBundles   'diff',
87 verbose rebuildBundles   'escape-string-regexp',
87 verbose rebuildBundles   'glob',
87 verbose rebuildBundles   'growl',
87 verbose rebuildBundles   'jade',
87 verbose rebuildBundles   'mkdirp' ]
88 error Error: EACCES, unlink '/Users/leedavid/workspace/company/launch2015/Breakdown/node_modules/.bin/mocha'
88 error  { [Error: EACCES, unlink '/Users/leedavid/workspace/company/launch2015/Breakdown/node_modules/.bin/mocha']
88 error   errno: 3,
88 error   code: 'EACCES',
88 error   path: '/Users/leedavid/workspace/company/launch2015/Breakdown/node_modules/.bin/mocha' }
89 error Please try running this command again as root/Administrator.
90 error System Darwin 14.1.0
91 error command "node" "/usr/local/bin/npm" "install"
92 error cwd /Users/leedavid/workspace/company/launch2015/Breakdown
93 error node -v v0.10.35
94 error npm -v 1.4.28
95 error path /Users/leedavid/workspace/company/launch2015/Breakdown/node_modules/.bin/mocha
96 error code EACCES
97 error errno 3
98 error stack Error: EACCES, unlink '/Users/leedavid/workspace/company/launch2015/Breakdown/node_modules/.bin/mocha'
99 verbose exit [ 3, true ]
